Time: 2023-08-21 01:49:57, level: info, message: DB CONNECTION SUCCESSFUL
Time: 2023-08-21 02:46:47, level: info, message: DB CONNECTION SUCCESSFUL
Time: 2023-08-21 02:53:18, level: info, message: DB CONNECTION SUCCESSFUL
Time: 2023-08-21 02:54:14, level: info, message: 200: Server is Up and Running
Time: 2023-08-21 02:58:23, level: error, message: ERROR IN CONNECTING DB:
MongoServerSelectionError: Server selection timed out after 30000 ms
Time: 2023-08-21 03:00:00, level: error, message: ERROR IN CONNECTING DB:
MongoServerSelectionError: Server selection timed out after 30000 ms
Time: 2023-08-21 03:02:13, level: info, message: DB CONNECTION SUCCESSFUL
Time: 2023-08-21 03:14:07, level: error, message: Token missing from headers
Time: 2023-08-21 03:14:16, level: error, message: Token missing from headers
Time: 2023-08-21 03:19:13, level: info, message: DB CONNECTION SUCCESSFUL
Time: 2023-08-21 19:13:13, level: error, message: ERROR IN CONNECTING DB:
MongoServerSelectionError: Server selection timed out after 30000 ms
Time: 2023-08-21 19:14:10, level: error, message: ERROR IN CONNECTING DB:
MongoServerSelectionError: Server selection timed out after 30000 ms
Time: 2023-08-21 19:14:59, level: error, message: ERROR IN CONNECTING DB:
MongoNetworkTimeoutError: connection timed out
Time: 2023-08-21 19:15:37, level: info, message: DB CONNECTION SUCCESSFUL
Time: 2023-08-21 19:17:28, level: error, message: ERROR IN CONNECTING DB:
MongoServerSelectionError: Server selection timed out after 30000 ms
Time: 2023-08-21 19:17:47, level: info, message: DB CONNECTION SUCCESSFUL
Time: 2023-08-21 19:21:31, level: info, message: DB CONNECTION SUCCESSFUL
Time: 2023-08-21 19:21:44, level: error, message: Token missing from headers
Time: 2023-08-21 19:23:00, level: info, message: DB CONNECTION SUCCESSFUL
Time: 2023-08-21 19:26:08, level: info, message: DB CONNECTION SUCCESSFUL
Time: 2023-08-21 19:26:51, level: info, message: DB CONNECTION SUCCESSFUL
Time: 2023-08-21 19:29:23, level: info, message: DB CONNECTION SUCCESSFUL
Time: 2023-08-21 20:10:12, level: info, message: DB CONNECTION SUCCESSFUL
Time: 2023-08-21 20:16:05, level: info, message: DB CONNECTION SUCCESSFUL
Time: 2023-08-21 20:33:08, level: info, message: DB CONNECTION SUCCESSFUL
Time: 2023-08-21 20:35:07, level: info, message: DB CONNECTION SUCCESSFUL
Time: 2023-08-21 20:57:32, level: info, message: DB CONNECTION SUCCESSFUL
Time: 2023-08-21 21:01:18, level: info, message: DB CONNECTION SUCCESSFUL
Time: 2023-08-21 21:18:10, level: info, message: DB CONNECTION SUCCESSFUL
Time: 2023-08-21 21:37:29, level: info, message: DB CONNECTION SUCCESSFUL
Time: 2023-08-21 21:42:33, level: info, message: DB CONNECTION SUCCESSFUL
Time: 2023-08-21 21:48:40, level: info, message: DB CONNECTION SUCCESSFUL
